Drill report for /home/debian/Progetti/AMIGA/stalkb/hw/AmigaKeyboardAdapters/StandAlone-Adapter/StandAlone-Adapter.kicad_pcb
Created on Fri 01 Mar 2019 13:29:49 CET

Copper Layer Stackup:
    =============================================================
    L1 :  F.Cu                      front
    L2 :  B.Cu                      back


Drill file 'StandAlone-Adapter.drl' contains
    plated through holes:
    =============================================================
    T1  0,40mm  0,016"  (31 holes)
    T2  0,80mm  0,032"  (1 hole)
    T3  0,90mm  0,035"  (4 holes)
    T4  1,00mm  0,039"  (4 holes)
    T5  1,02mm  0,040"  (33 holes)
    T6  2,30mm  0,091"  (2 holes)
    T7  3,05mm  0,120"  (4 holes)
    T8  3,20mm  0,126"  (2 holes)

    Total plated holes count 81


Not plated through holes are merged with plated holes
    unplated through holes:
    =============================================================

    Total unplated holes count 0
